[16:19:59] [ServerMain/INFO]: Environment: Environment[sessionHost=https://sessionserver.mojang.com, servicesHost=https://api.minecraftservices.com, name=PROD]
[16:20:01] [ServerMain/INFO]: Loaded 1370 recipes
[16:20:01] [ServerMain/INFO]: Loaded 1481 advancements
[16:20:01] [Server thread/INFO]: Starting minecraft server version 1.21.4
[16:20:01] [Server thread/INFO]: Loading properties
[16:20:01] [Server thread/INFO]: Default game type: SURVIVAL
[16:20:01] [Server thread/INFO]: Generating keypair
[16:20:01] [Server thread/INFO]: Starting Minecraft server on *:25565
[16:20:02] [Server thread/INFO]: Using epoll channel type
[16:20:02] [Server thread/WARN]: **** SERVER IS RUNNING IN OFFLINE/INSECURE MODE!
[16:20:02] [Server thread/WARN]: The server will make no attempt to authenticate usernames. Beware.
[16:20:02] [Server thread/WARN]: While this makes the game possible to play without internet access, it also opens up the ability for hackers to connect with any username they choose.
[16:20:02] [Server thread/WARN]: To change this, set "online-mode" to "true" in the server.properties file.
[16:20:02] [Server thread/INFO]: Preparing level "world"
[16:20:02] [Server thread/INFO]: Preparing start region for dimension minecraft:overworld
[16:20:04] [Worker-Main-2/INFO]: Preparing spawn area: 0%
[16:20:04] [Worker-Main-2/INFO]: Preparing spawn area: 0%
[16:20:04] [Worker-Main-2/INFO]: Preparing spawn area: 0%
[16:20:04] [Worker-Main-2/INFO]: Preparing spawn area: 0%
[16:20:04] [Worker-Main-2/INFO]: Preparing spawn area: 0%
[16:20:04] [Worker-Main-1/INFO]: Preparing spawn area: 0%
[16:20:04] [Server thread/INFO]: Time elapsed: 2626 ms
[16:20:04] [Server thread/INFO]: Done (2.870s)! For help, type "help"
[16:21:04] [Server thread/INFO]: Server empty for 60 seconds, pausing
